src/build/app/intermediates/manifest_merge_blame_file/debug/manifest-merger-blame-debug-report.txt
1<?xml version="1.0" encoding="utf-8"?>
2<manifest xmlns:android="http://schemas.android.com/apk/res/android"
3    package="com.redeem_code_robux"
4    android:versionCode="1"
5    android:versionName="1.0.0" >
6
7    <uses-sdk
8        android:minSdkVersion="19"
9        android:targetSdkVersion="31" />
10    <!--
11         The INTERNET permission is required for development. Specifically,
12         the Flutter tool needs it to communicate with the running application
13         to allow setting breakpoints, to provide hot reload, etc.
14    -->
15    <uses-permission android:name="android.permission.INTERNET" />
15-->src/debug/AndroidManifest.xml:7:5-66
15-->src/debug/AndroidManifest.xml:7:22-64
16    <uses-permission android:name="android.permission.WAKE_LOCK" />
16-->[:firebase_messaging] AndroidManifest.xml:10:5-68
16-->[:firebase_messaging] AndroidManifest.xml:10:22-65
17    <uses-permission android:name="android.permission.ACCESS_NETWORK_STATE" />
17-->[:firebase_messaging] AndroidManifest.xml:11:5-79
17-->[:firebase_messaging] AndroidManifest.xml:11:22-76
18    <uses-permission android:name="android.permission.POST_NOTIFICATIONS" /> <!-- Required by older versions of Google Play services to create IID tokens -->
18-->[com.google.firebase:firebase-messaging:23.0.6] AndroidManifest.xml:26:5-77
18-->[com.google.firebase:firebase-messaging:23.0.6] AndroidManifest.xml:26:22-74
19    <uses-permission android:name="com.google.android.c2dm.permission.RECEIVE" />
19-->[com.google.firebase:firebase-messaging:23.0.6] AndroidManifest.xml:29:5-82
19-->[com.google.firebase:firebase-messaging:23.0.6] AndroidManifest.xml:29:22-79
20    <uses-permission android:name="com.google.android.gms.permission.AD_ID" />
20-->[com.google.android.gms:play-services-measurement-api:21.0.0] AndroidManifest.xml:25:5-79
20-->[com.google.android.gms:play-services-measurement-api:21.0.0] AndroidManifest.xml:25:22-76
21    <uses-permission android:name="com.google.android.finsky.permission.BIND_GET_INSTALL_REFERRER_SERVICE" /> <!-- Android package visibility setting -->
21-->[com.google.android.gms:play-services-measurement:21.0.0] AndroidManifest.xml:26:5-110
21-->[com.google.android.gms:play-services-measurement:21.0.0] AndroidManifest.xml:26:22-107
22    <queries>
22-->[com.google.android.gms:play-services-ads-lite:20.6.0] AndroidManifest.xml:28:5-44:15
23
24        <!-- For browser content -->
25        <intent>
25-->[com.google.android.gms:play-services-ads-lite:20.6.0] AndroidManifest.xml:31:9-37:18
26            <action android:name="android.intent.action.VIEW" />
26-->[com.google.firebase:firebase-auth:21.0.6] AndroidManifest.xml:34:17-69
26-->[com.google.firebase:firebase-auth:21.0.6] AndroidManifest.xml:34:25-66
27
28            <category android:name="android.intent.category.BROWSABLE" />
28-->[com.google.firebase:firebase-auth:21.0.6] AndroidManifest.xml:37:17-78
28-->[com.google.firebase:firebase-auth:21.0.6] AndroidManifest.xml:37:27-75
29
30            <data android:scheme="https" />
30-->[com.google.firebase:firebase-auth:21.0.6] AndroidManifest.xml:39:17-42:51
30-->[com.google.firebase:firebase-auth:21.0.6] AndroidManifest.xml:42:21-48
31        </intent>
32        <!-- End of browser content -->
33        <!-- For CustomTabsService -->
34        <intent>
34-->[com.google.android.gms:play-services-ads-lite:20.6.0] AndroidManifest.xml:40:9-42:18
35            <action android:name="android.support.customtabs.action.CustomTabsService" />
35-->[com.google.android.gms:play-services-ads-lite:20.6.0] AndroidManifest.xml:41:13-90
35-->[com.google.android.gms:play-services-ads-lite:20.6.0] AndroidManifest.xml:41:21-87
36        </intent>
37        <!-- End of CustomTabsService -->
38    </queries>
39
40    <uses-permission android:name="android.permission.RECEIVE_BOOT_COMPLETED" />
40-->[androidx.work:work-runtime:2.7.0] AndroidManifest.xml:27:5-81
40-->[androidx.work:work-runtime:2.7.0] AndroidManifest.xml:27:22-78
41    <uses-permission android:name="android.permission.FOREGROUND_SERVICE" />
41-->[androidx.work:work-runtime:2.7.0] AndroidManifest.xml:28:5-77
41-->[androidx.work:work-runtime:2.7.0] AndroidManifest.xml:28:22-74
42
43    <application
44        android:name="android.app.Application"
45        android:appComponentFactory="androidx.core.app.CoreComponentFactory"
45-->[androidx.core:core:1.6.0] AndroidManifest.xml:24:18-86
46        android:debuggable="true"
47        android:icon="@mipmap/ic_launcher"
48        android:label="redeem_code_app" >
49
50        <!-- Sample AdMob app ID: ca-app-pub-3940256099942544~3347511713 -->
51        <meta-data
52            android:name="com.google.android.gms.ads.APPLICATION_ID"
53            android:value="ca-app-pub-7858549925649771~9652300521" />
54        <meta-data
55            android:name="com.google.android.gms.version"
56            android:value="@integer/google_play_services_version" />
57
58        <activity
59            android:name="com.redeem_code_robux.MainActivity"
60            android:configChanges="orientation|keyboardHidden|keyboard|screenSize|smallestScreenSize|locale|layoutDirection|fontScale|screenLayout|density|uiMode"
61            android:exported="true"
62            android:hardwareAccelerated="true"
63            android:launchMode="singleTop"
64            android:theme="@style/LaunchTheme"
65            android:windowSoftInputMode="adjustResize" >
66
67            <!--
68                 Specifies an Android theme to apply to this Activity as soon as
69                 the Android process has started. This theme is visible to the user
70                 while the Flutter UI initializes. After that, this theme continues
71                 to determine the Window background behind the Flutter UI.
72            -->
73            <meta-data
74                android:name="io.flutter.embedding.android.NormalTheme"
75                android:resource="@style/NormalTheme" />
76
77            <intent-filter>
78                <action android:name="android.intent.action.MAIN" />
79
80                <category android:name="android.intent.category.LAUNCHER" />
81            </intent-filter>
82        </activity>
83        <!--
84             Don't delete the meta-data below.
85             This is used by the Flutter tool to generate GeneratedPluginRegistrant.java
86        -->
87        <meta-data
88            android:name="flutterEmbedding"
89            android:value="2" />
90
91        <service
91-->[:firebase_auth] AndroidManifest.xml:10:9-14:19
92            android:name="com.google.firebase.components.ComponentDiscoveryService"
92-->[:firebase_auth] AndroidManifest.xml:10:18-89
93            android:directBootAware="true"
93-->[com.google.firebase:firebase-common:20.1.1] AndroidManifest.xml:35:13-43
94            android:exported="false" >
94-->[com.google.firebase:firebase-analytics-ktx:21.0.0] AndroidManifest.xml:10:13-37
95            <meta-data
95-->[:firebase_auth] AndroidManifest.xml:11:13-13:85
96                android:name="com.google.firebase.components:io.flutter.plugins.firebase.auth.FlutterFirebaseAuthRegistrar"
96-->[:firebase_auth] AndroidManifest.xml:12:17-124
97                android:value="com.google.firebase.components.ComponentRegistrar" />
97-->[:firebase_auth] AndroidManifest.xml:13:17-82
98            <meta-data
98-->[:firebase_messaging] AndroidManifest.xml:36:13-38:85
99                android:name="com.google.firebase.components:io.flutter.plugins.firebase.messaging.FlutterFirebaseAppRegistrar"
99-->[:firebase_messaging] AndroidManifest.xml:37:17-128
100                android:value="com.google.firebase.components.ComponentRegistrar" />
100-->[:firebase_messaging] AndroidManifest.xml:38:17-82
101            <meta-data
101-->[:firebase_core] AndroidManifest.xml:11:13-13:85
102                android:name="com.google.firebase.components:io.flutter.plugins.firebase.core.FlutterFirebaseCoreRegistrar"
102-->[:firebase_core] AndroidManifest.xml:12:17-124
103                android:value="com.google.firebase.components.ComponentRegistrar" />
103-->[:firebase_core] AndroidManifest.xml:13:17-82
104            <meta-data
104-->[com.google.firebase:firebase-analytics-ktx:21.0.0] AndroidManifest.xml:11:13-13:85
105                android:name="com.google.firebase.components:com.google.firebase.analytics.ktx.FirebaseAnalyticsKtxRegistrar"
105-->[com.google.firebase:firebase-analytics-ktx:21.0.0] AndroidManifest.xml:12:17-126
106                android:value="com.google.firebase.components.ComponentRegistrar" />
106-->[com.google.firebase:firebase-analytics-ktx:21.0.0] AndroidManifest.xml:13:17-82
107            <meta-data
107-->[com.google.firebase:firebase-common-ktx:20.1.1] AndroidManifest.xml:15:13-17:85
108                android:name="com.google.firebase.components:com.google.firebase.ktx.FirebaseCommonKtxRegistrar"
108-->[com.google.firebase:firebase-common-ktx:20.1.1] AndroidManifest.xml:16:17-113
109                android:value="com.google.firebase.components.ComponentRegistrar" />
109-->[com.google.firebase:firebase-common-ktx:20.1.1] AndroidManifest.xml:17:17-82
110            <meta-data
110-->[com.google.firebase:firebase-messaging:23.0.6] AndroidManifest.xml:56:13-58:85
111                android:name="com.google.firebase.components:com.google.firebase.messaging.FirebaseMessagingRegistrar"
111-->[com.google.firebase:firebase-messaging:23.0.6] AndroidManifest.xml:57:17-119
112                android:value="com.google.firebase.components.ComponentRegistrar" />
112-->[com.google.firebase:firebase-messaging:23.0.6] AndroidManifest.xml:58:17-82
113            <meta-data
113-->[com.google.firebase:firebase-datatransport:18.1.5] AndroidManifest.xml:28:13-30:85
114                android:name="com.google.firebase.components:com.google.firebase.datatransport.TransportRegistrar"
114-->[com.google.firebase:firebase-datatransport:18.1.5] AndroidManifest.xml:29:17-115
115                android:value="com.google.firebase.components.ComponentRegistrar" />
115-->[com.google.firebase:firebase-datatransport:18.1.5] AndroidManifest.xml:30:17-82
116            <meta-data
116-->[com.google.firebase:firebase-auth:21.0.6] AndroidManifest.xml:67:13-69:85
117                android:name="com.google.firebase.components:com.google.firebase.auth.FirebaseAuthRegistrar"
117-->[com.google.firebase:firebase-auth:21.0.6] AndroidManifest.xml:68:17-109
118                android:value="com.google.firebase.components.ComponentRegistrar" />
118-->[com.google.firebase:firebase-auth:21.0.6] AndroidManifest.xml:69:17-82
119            <meta-data
119-->[com.google.android.gms:play-services-measurement-api:21.0.0] AndroidManifest.xml:31:13-33:85
120                android:name="com.google.firebase.components:com.google.firebase.analytics.connector.internal.AnalyticsConnectorRegistrar"
120-->[com.google.android.gms:play-services-measurement-api:21.0.0] AndroidManifest.xml:32:17-139
121                android:value="com.google.firebase.components.ComponentRegistrar" />
121-->[com.google.android.gms:play-services-measurement-api:21.0.0] AndroidManifest.xml:33:17-82
122            <meta-data
122-->[com.google.firebase:firebase-installations:17.0.1] AndroidManifest.xml:18:13-20:85
123                android:name="com.google.firebase.components:com.google.firebase.installations.FirebaseInstallationsRegistrar"
123-->[com.google.firebase:firebase-installations:17.0.1] AndroidManifest.xml:19:17-127
124                android:value="com.google.firebase.components.ComponentRegistrar" />
124-->[com.google.firebase:firebase-installations:17.0.1] AndroidManifest.xml:20:17-82
125        </service>
126        <service
126-->[:firebase_messaging] AndroidManifest.xml:14:9-17:72
127            android:name="io.flutter.plugins.firebase.messaging.FlutterFirebaseMessagingBackgroundService"
127-->[:firebase_messaging] AndroidManifest.xml:15:13-107
128            android:exported="false"
128-->[:firebase_messaging] AndroidManifest.xml:16:13-37
129            android:permission="android.permission.BIND_JOB_SERVICE" />
129-->[:firebase_messaging] AndroidManifest.xml:17:13-69
130        <service
130-->[:firebase_messaging] AndroidManifest.xml:18:9-24:19
131            android:name="io.flutter.plugins.firebase.messaging.FlutterFirebaseMessagingService"
131-->[:firebase_messaging] AndroidManifest.xml:19:13-97
132            android:exported="false" >
132-->[:firebase_messaging] AndroidManifest.xml:20:13-37
133            <intent-filter>
133-->[:firebase_messaging] AndroidManifest.xml:21:13-23:29
134                <action android:name="com.google.firebase.MESSAGING_EVENT" />
134-->[:firebase_messaging] AndroidManifest.xml:22:17-78
134-->[:firebase_messaging] AndroidManifest.xml:22:25-75
135            </intent-filter>
136        </service>
137
138        <receiver
138-->[:firebase_messaging] AndroidManifest.xml:26:9-33:20
139            android:name="io.flutter.plugins.firebase.messaging.FlutterFirebaseMessagingReceiver"
139-->[:firebase_messaging] AndroidManifest.xml:27:13-98
140            android:exported="true"
140-->[:firebase_messaging] AndroidManifest.xml:28:13-36
141            android:permission="com.google.android.c2dm.permission.SEND" >
141-->[:firebase_messaging] AndroidManifest.xml:29:13-73
142            <intent-filter>
142-->[:firebase_messaging] AndroidManifest.xml:30:13-32:29
143                <action android:name="com.google.android.c2dm.intent.RECEIVE" />
143-->[:firebase_messaging] AndroidManifest.xml:31:17-81
143-->[:firebase_messaging] AndroidManifest.xml:31:25-78
144            </intent-filter>
145        </receiver>
146
147        <provider
147-->[:firebase_messaging] AndroidManifest.xml:41:9-45:38
148            android:name="io.flutter.plugins.firebase.messaging.FlutterFirebaseMessagingInitProvider"
148-->[:firebase_messaging] AndroidManifest.xml:42:13-102
149            android:authorities="com.redeem_code_robux.flutterfirebasemessaginginitprovider"
149-->[:firebase_messaging] AndroidManifest.xml:43:13-88
150            android:exported="false"
150-->[:firebase_messaging] AndroidManifest.xml:44:13-37
151            android:initOrder="99" />
151-->[:firebase_messaging] AndroidManifest.xml:45:13-35
152
153        <meta-data
153-->[:google_mobile_ads] AndroidManifest.xml:12:9-14:36
154            android:name="io.flutter.embedded_views_preview"
154-->[:google_mobile_ads] AndroidManifest.xml:13:13-61
155            android:value="true" />
155-->[:google_mobile_ads] AndroidManifest.xml:14:13-33
156
157        <uses-library
157-->[androidx.window:window:1.0.0-beta04] AndroidManifest.xml:25:9-27:40
158            android:name="androidx.window.extensions"
158-->[androidx.window:window:1.0.0-beta04] AndroidManifest.xml:26:13-54
159            android:required="false" />
159-->[androidx.window:window:1.0.0-beta04] AndroidManifest.xml:27:13-37
160        <uses-library
160-->[androidx.window:window:1.0.0-beta04] AndroidManifest.xml:28:9-30:40
161            android:name="androidx.window.sidecar"
161-->[androidx.window:window:1.0.0-beta04] AndroidManifest.xml:29:13-51
162            android:required="false" />
162-->[androidx.window:window:1.0.0-beta04] AndroidManifest.xml:30:13-37
163
164        <receiver
164-->[com.google.firebase:firebase-messaging:23.0.6] AndroidManifest.xml:32:9-39:20
165            android:name="com.google.firebase.iid.FirebaseInstanceIdReceiver"
165-->[com.google.firebase:firebase-messaging:23.0.6] AndroidManifest.xml:33:13-78
166            android:exported="true"
166-->[com.google.firebase:firebase-messaging:23.0.6] AndroidManifest.xml:34:13-36
167            android:permission="com.google.android.c2dm.permission.SEND" >
167-->[com.google.firebase:firebase-messaging:23.0.6] AndroidManifest.xml:35:13-73
168            <intent-filter>
168-->[:firebase_messaging] AndroidManifest.xml:30:13-32:29
169                <action android:name="com.google.android.c2dm.intent.RECEIVE" />
169-->[:firebase_messaging] AndroidManifest.xml:31:17-81
169-->[:firebase_messaging] AndroidManifest.xml:31:25-78
170            </intent-filter>
171        </receiver>
172        <!--
173             FirebaseMessagingService performs security checks at runtime,
174             but set to not exported to explicitly avoid allowing another app to call it.
175        -->
176        <service
176-->[com.google.firebase:firebase-messaging:23.0.6] AndroidManifest.xml:45:9-52:19
177            android:name="com.google.firebase.messaging.FirebaseMessagingService"
177-->[com.google.firebase:firebase-messaging:23.0.6] AndroidManifest.xml:46:13-82
178            android:directBootAware="true"
178-->[com.google.firebase:firebase-messaging:23.0.6] AndroidManifest.xml:47:13-43
179            android:exported="false" >
179-->[com.google.firebase:firebase-messaging:23.0.6] AndroidManifest.xml:48:13-37
180            <intent-filter android:priority="-500" >
180-->[:firebase_messaging] AndroidManifest.xml:21:13-23:29
181                <action android:name="com.google.firebase.MESSAGING_EVENT" />
181-->[:firebase_messaging] AndroidManifest.xml:22:17-78
181-->[:firebase_messaging] AndroidManifest.xml:22:25-75
182            </intent-filter>
183        </service>
184        <service
184-->[com.google.android.datatransport:transport-backend-cct:3.1.6] AndroidManifest.xml:29:9-35:19
185            android:name="com.google.android.datatransport.runtime.backends.TransportBackendDiscovery"
185-->[com.google.android.datatransport:transport-backend-cct:3.1.6] AndroidManifest.xml:30:13-103
186            android:exported="false" >
186-->[com.google.android.datatransport:transport-backend-cct:3.1.6] AndroidManifest.xml:31:13-37
187            <meta-data
187-->[com.google.android.datatransport:transport-backend-cct:3.1.6] AndroidManifest.xml:32:13-34:39
188                android:name="backend:com.google.android.datatransport.cct.CctBackendFactory"
188-->[com.google.android.datatransport:transport-backend-cct:3.1.6] AndroidManifest.xml:33:17-94
189                android:value="cct" />
189-->[com.google.android.datatransport:transport-backend-cct:3.1.6] AndroidManifest.xml:34:17-36
190        </service>
191        <service
191-->[com.google.android.datatransport:transport-runtime:3.1.6] AndroidManifest.xml:26:9-30:19
192            android:name="com.google.android.datatransport.runtime.scheduling.jobscheduling.JobInfoSchedulerService"
192-->[com.google.android.datatransport:transport-runtime:3.1.6] AndroidManifest.xml:27:13-117
193            android:exported="false"
193-->[com.google.android.datatransport:transport-runtime:3.1.6] AndroidManifest.xml:28:13-37
194            android:permission="android.permission.BIND_JOB_SERVICE" >
194-->[com.google.android.datatransport:transport-runtime:3.1.6] AndroidManifest.xml:29:13-69
195        </service>
196
197        <receiver
197-->[com.google.android.datatransport:transport-runtime:3.1.6] AndroidManifest.xml:32:9-34:40
198            android:name="com.google.android.datatransport.runtime.scheduling.jobscheduling.AlarmManagerSchedulerBroadcastReceiver"
198-->[com.google.android.datatransport:transport-runtime:3.1.6] AndroidManifest.xml:33:13-132
199            android:exported="false" />
199-->[com.google.android.datatransport:transport-runtime:3.1.6] AndroidManifest.xml:34:13-37
200
201        <activity
201-->[com.google.firebase:firebase-auth:21.0.6] AndroidManifest.xml:27:9-44:20
202            android:name="com.google.firebase.auth.internal.GenericIdpActivity"
202-->[com.google.firebase:firebase-auth:21.0.6] AndroidManifest.xml:28:13-80
203            android:excludeFromRecents="true"
203-->[com.google.firebase:firebase-auth:21.0.6] AndroidManifest.xml:29:13-46
204            android:exported="true"
204-->[com.google.firebase:firebase-auth:21.0.6] AndroidManifest.xml:30:13-36
205            android:launchMode="singleTask"
205-->[com.google.firebase:firebase-auth:21.0.6] AndroidManifest.xml:31:13-44
206            android:theme="@android:style/Theme.Translucent.NoTitleBar" >
206-->[com.google.firebase:firebase-auth:21.0.6] AndroidManifest.xml:32:13-72
207            <intent-filter>
207-->[com.google.firebase:firebase-auth:21.0.6] AndroidManifest.xml:33:13-43:29
208                <action android:name="android.intent.action.VIEW" />
208-->[com.google.firebase:firebase-auth:21.0.6] AndroidManifest.xml:34:17-69
208-->[com.google.firebase:firebase-auth:21.0.6] AndroidManifest.xml:34:25-66
209
210                <category android:name="android.intent.category.DEFAULT" />
210-->[com.google.firebase:firebase-auth:21.0.6] AndroidManifest.xml:36:17-76
210-->[com.google.firebase:firebase-auth:21.0.6] AndroidManifest.xml:36:27-73
211                <category android:name="android.intent.category.BROWSABLE" />
211-->[com.google.firebase:firebase-auth:21.0.6] AndroidManifest.xml:37:17-78
211-->[com.google.firebase:firebase-auth:21.0.6] AndroidManifest.xml:37:27-75
212
213                <data
213-->[com.google.firebase:firebase-auth:21.0.6] AndroidManifest.xml:39:17-42:51
214                    android:host="firebase.auth"
214-->[com.google.firebase:firebase-auth:21.0.6] AndroidManifest.xml:40:21-49
215                    android:path="/"
215-->[com.google.firebase:firebase-auth:21.0.6] AndroidManifest.xml:41:21-37
216                    android:scheme="genericidp" />
216-->[com.google.firebase:firebase-auth:21.0.6] AndroidManifest.xml:42:21-48
217            </intent-filter>
218        </activity>
219        <activity
219-->[com.google.firebase:firebase-auth:21.0.6] AndroidManifest.xml:45:9-62:20
220            android:name="com.google.firebase.auth.internal.RecaptchaActivity"
220-->[com.google.firebase:firebase-auth:21.0.6] AndroidManifest.xml:46:13-79
221            android:excludeFromRecents="true"
221-->[com.google.firebase:firebase-auth:21.0.6] AndroidManifest.xml:47:13-46
222            android:exported="true"
222-->[com.google.firebase:firebase-auth:21.0.6] AndroidManifest.xml:48:13-36
223            android:launchMode="singleTask"
223-->[com.google.firebase:firebase-auth:21.0.6] AndroidManifest.xml:49:13-44
224            android:theme="@android:style/Theme.Translucent.NoTitleBar" >
224-->[com.google.firebase:firebase-auth:21.0.6] AndroidManifest.xml:50:13-72
225            <intent-filter>
225-->[com.google.firebase:firebase-auth:21.0.6] AndroidManifest.xml:51:13-61:29
226                <action android:name="android.intent.action.VIEW" />
226-->[com.google.firebase:firebase-auth:21.0.6] AndroidManifest.xml:34:17-69
226-->[com.google.firebase:firebase-auth:21.0.6] AndroidManifest.xml:34:25-66
227
228                <category android:name="android.intent.category.DEFAULT" />
228-->[com.google.firebase:firebase-auth:21.0.6] AndroidManifest.xml:36:17-76
228-->[com.google.firebase:firebase-auth:21.0.6] AndroidManifest.xml:36:27-73
229                <category android:name="android.intent.category.BROWSABLE" />
229-->[com.google.firebase:firebase-auth:21.0.6] AndroidManifest.xml:37:17-78
229-->[com.google.firebase:firebase-auth:21.0.6] AndroidManifest.xml:37:27-75
230
231                <data
231-->[com.google.firebase:firebase-auth:21.0.6] AndroidManifest.xml:39:17-42:51
232                    android:host="firebase.auth"
232-->[com.google.firebase:firebase-auth:21.0.6] AndroidManifest.xml:40:21-49
233                    android:path="/"
233-->[com.google.firebase:firebase-auth:21.0.6] AndroidManifest.xml:41:21-37
234                    android:scheme="recaptcha" />
234-->[com.google.firebase:firebase-auth:21.0.6] AndroidManifest.xml:42:21-48
235            </intent-filter>
236        </activity>
237
238        <provider
238-->[com.google.firebase:firebase-common:20.1.1] AndroidManifest.xml:26:9-31:39
239            android:name="com.google.firebase.provider.FirebaseInitProvider"
239-->[com.google.firebase:firebase-common:20.1.1] AndroidManifest.xml:27:13-77
240            android:authorities="com.redeem_code_robux.firebaseinitprovider"
240-->[com.google.firebase:firebase-common:20.1.1] AndroidManifest.xml:28:13-72
241            android:directBootAware="true"
241-->[com.google.firebase:firebase-common:20.1.1] AndroidManifest.xml:29:13-43
242            android:exported="false"
242-->[com.google.firebase:firebase-common:20.1.1] AndroidManifest.xml:30:13-37
243            android:initOrder="100" />
243-->[com.google.firebase:firebase-common:20.1.1] AndroidManifest.xml:31:13-36
244
245        <receiver
245-->[com.google.android.gms:play-services-measurement:21.0.0] AndroidManifest.xml:29:9-33:20
246            android:name="com.google.android.gms.measurement.AppMeasurementReceiver"
246-->[com.google.android.gms:play-services-measurement:21.0.0] AndroidManifest.xml:30:13-85
247            android:enabled="true"
247-->[com.google.android.gms:play-services-measurement:21.0.0] AndroidManifest.xml:31:13-35
248            android:exported="false" >
248-->[com.google.android.gms:play-services-measurement:21.0.0] AndroidManifest.xml:32:13-37
249        </receiver>
250
251        <service
251-->[com.google.android.gms:play-services-measurement:21.0.0] AndroidManifest.xml:35:9-38:40
252            android:name="com.google.android.gms.measurement.AppMeasurementService"
252-->[com.google.android.gms:play-services-measurement:21.0.0] AndroidManifest.xml:36:13-84
253            android:enabled="true"
253-->[com.google.android.gms:play-services-measurement:21.0.0] AndroidManifest.xml:37:13-35
254            android:exported="false" />
254-->[com.google.android.gms:play-services-measurement:21.0.0] AndroidManifest.xml:38:13-37
255        <service
255-->[com.google.android.gms:play-services-measurement:21.0.0] AndroidManifest.xml:39:9-43:72
256            android:name="com.google.android.gms.measurement.AppMeasurementJobService"
256-->[com.google.android.gms:play-services-measurement:21.0.0] AndroidManifest.xml:40:13-87
257            android:enabled="true"
257-->[com.google.android.gms:play-services-measurement:21.0.0] AndroidManifest.xml:41:13-35
258            android:exported="false"
258-->[com.google.android.gms:play-services-measurement:21.0.0] AndroidManifest.xml:42:13-37
259            android:permission="android.permission.BIND_JOB_SERVICE" />
259-->[com.google.android.gms:play-services-measurement:21.0.0] AndroidManifest.xml:43:13-69
260
261        <provider
261-->[androidx.lifecycle:lifecycle-process:2.2.0] AndroidManifest.xml:25:9-29:43
262            android:name="androidx.lifecycle.ProcessLifecycleOwnerInitializer"
262-->[androidx.lifecycle:lifecycle-process:2.2.0] AndroidManifest.xml:26:13-79
263            android:authorities="com.redeem_code_robux.lifecycle-process"
263-->[androidx.lifecycle:lifecycle-process:2.2.0] AndroidManifest.xml:27:13-69
264            android:exported="false"
264-->[androidx.lifecycle:lifecycle-process:2.2.0] AndroidManifest.xml:28:13-37
265            android:multiprocess="true" />
265-->[androidx.lifecycle:lifecycle-process:2.2.0] AndroidManifest.xml:29:13-40
266
267        <activity
267-->[com.google.android.gms:play-services-auth:20.0.1] AndroidManifest.xml:23:9-27:75
268            android:name="com.google.android.gms.auth.api.signin.internal.SignInHubActivity"
268-->[com.google.android.gms:play-services-auth:20.0.1] AndroidManifest.xml:24:13-93
269            android:excludeFromRecents="true"
269-->[com.google.android.gms:play-services-auth:20.0.1] AndroidManifest.xml:25:13-46
270            android:exported="false"
270-->[com.google.android.gms:play-services-auth:20.0.1] AndroidManifest.xml:26:13-37
271            android:theme="@android:style/Theme.Translucent.NoTitleBar" />
271-->[com.google.android.gms:play-services-auth:20.0.1] AndroidManifest.xml:27:13-72
272        <!--
273            Service handling Google Sign-In user revocation. For apps that do not integrate with
274            Google Sign-In, this service will never be started.
275        -->
276        <service
276-->[com.google.android.gms:play-services-auth:20.0.1] AndroidManifest.xml:33:9-37:51
277            android:name="com.google.android.gms.auth.api.signin.RevocationBoundService"
277-->[com.google.android.gms:play-services-auth:20.0.1] AndroidManifest.xml:34:13-89
278            android:exported="true"
278-->[com.google.android.gms:play-services-auth:20.0.1] AndroidManifest.xml:35:13-36
279            android:permission="com.google.android.gms.auth.api.signin.permission.REVOCATION_NOTIFICATION"
279-->[com.google.android.gms:play-services-auth:20.0.1] AndroidManifest.xml:36:13-107
280            android:visibleToInstantApps="true" />
280-->[com.google.android.gms:play-services-auth:20.0.1] AndroidManifest.xml:37:13-48
281
282        <activity
282-->[com.google.android.gms:play-services-base:18.0.1] AndroidManifest.xml:20:9-22:45
283            android:name="com.google.android.gms.common.api.GoogleApiActivity"
283-->[com.google.android.gms:play-services-base:18.0.1] AndroidManifest.xml:20:19-85
284            android:exported="false"
284-->[com.google.android.gms:play-services-base:18.0.1] AndroidManifest.xml:22:19-43
285            android:theme="@android:style/Theme.Translucent.NoTitleBar" /> <!-- Include the AdActivity and InAppPurchaseActivity configChanges and themes. -->
285-->[com.google.android.gms:play-services-base:18.0.1] AndroidManifest.xml:21:19-78
286        <activity
286-->[com.google.android.gms:play-services-ads-lite:20.6.0] AndroidManifest.xml:49:9-53:64
287            android:name="com.google.android.gms.ads.AdActivity"
287-->[com.google.android.gms:play-services-ads-lite:20.6.0] AndroidManifest.xml:50:13-65
288            android:configChanges="keyboard|keyboardHidden|orientation|screenLayout|uiMode|screenSize|smallestScreenSize"
288-->[com.google.android.gms:play-services-ads-lite:20.6.0] AndroidManifest.xml:51:13-122
289            android:exported="false"
289-->[com.google.android.gms:play-services-ads-lite:20.6.0] AndroidManifest.xml:52:13-37
290            android:theme="@android:style/Theme.Translucent" />